<?xml version="1.0" encoding="UTF-8"?>
<!DOCTYPE score-partwise PUBLIC "-//Recordare//DTD MusicXML 1.1 Partwise//EN" "http://www.musicxml.org/dtds/partwise.dtd">
<score-partwise version="1.1">
    <work>
        <work-number></work-number>
        <work-title></work-title>
    </work>
    <movement-number></movement-number>
    <movement-title>Chord test</movement-title>
    <identification>
        <creator type="composer">Wijnand</creator>

    </identification>

    <part-list>
        <score-part id="P1">
            <part-name> </part-name>
        </score-part>
    </part-list>
    <part id="P1">
        <measure number="1">
            <attributes>
                <divisions>100</divisions>
                <key>
                    <fifths>0</fifths>
                    <mode>major</mode>
                </key>
                <time>
                    <beats>4</beats>
                    <beat-type>4</beat-type>
                </time>
                <clef>
                    <sign>G</sign>
                    <line>2</line>
                </clef>
            </attributes>

<!-- MusicXML harmony kinds without alterations -->

			<direction><direction-type><words>major</words></direction-type></direction>
            <harmony>
                <root>
                    <root-step>B</root-step>
                    <root-alter>-1</root-alter>
                </root>
                <kind text="">major</kind>
            </harmony>
            <note><rest/><duration>400</duration><type>whole</type></note>
		</measure>

		<measure number="2">
			<direction><direction-type><words>none</words></direction-type></direction>
            <harmony>
                <root><root-step>C</root-step></root>
                <kind text="">none</kind>
            </harmony>
			<note><rest/><duration>400</duration><type>whole</type></note>
		</measure>

		<measure number="3">
			<direction><direction-type><words>other</words></direction-type></direction>
            <harmony>
                <root><root-step>C</root-step></root>
                <kind text="">other</kind>
            </harmony>
			<note><rest/><duration>400</duration><type>whole</type></note>
		</measure>

		<measure number="4">
			<direction><direction-type><words>(empty)</words></direction-type></direction>
            <harmony>
                <root><root-step>C</root-step></root>
                <kind text=""></kind>	<!-- empty -> major (not std) -->
            </harmony>
            <note><rest/><duration>400</duration><type>whole</type></note>
		</measure>

		<measure number="5">
			<direction><direction-type><words>(space)</words></direction-type></direction>
            <harmony>
                <root><root-step>C</root-step></root>
                <kind text=" "> </kind>	<!-- whitespace -> major (not std) -->
            </harmony>

            <note><rest/><duration>400</duration><type>whole</type></note>
		</measure>

		<measure number="6">
                  <print new-system="yes"/>
			<direction><direction-type><words>major-sixth</words></direction-type></direction>
            <harmony>
                <root><root-step>C</root-step></root>
                <kind text="">major-sixth</kind>
            </harmony>
            <note><rest/><duration>400</duration><type>whole</type></note>
		</measure>

		<measure number="7">
			<direction><direction-type><words>major-seventh</words></direction-type></direction>
            <harmony>
                <root><root-step>C</root-step></root>
                <kind text="">major-seventh</kind>
            </harmony>
            <note><rest/><duration>400</duration><type>whole</type></note>
		</measure>

		<measure number="8">
			<direction><direction-type><words>major-ninth</words></direction-type></direction>
            <harmony>
                <root><root-step>C</root-step></root>
                <kind text="">major-ninth</kind>
            </harmony>

            <note><rest/><duration>400</duration><type>whole</type></note>
		</measure>

		<measure number="9">
			<direction><direction-type><words>major-11th</words></direction-type></direction>
            <harmony>
                <root><root-step>C</root-step></root>
                <kind text="">major-11th</kind>
            </harmony>
            <note><rest/><duration>400</duration><type>whole</type></note>
		</measure>

		<measure number="10">
			<direction><direction-type><words>major-13th</words></direction-type></direction>
            <harmony>
                <root><root-step>C</root-step></root>
                <kind text="">major-13th</kind>
            </harmony>
            <note><rest/><duration>400</duration><type>whole</type></note>
		</measure>

		<measure number="11">
                  <print new-system="yes"/>
			<direction><direction-type><words>minor</words></direction-type></direction>
            <harmony>
                <root><root-step>C</root-step></root>
                <kind text="">minor</kind>
            </harmony>
            <note><rest/><duration>400</duration><type>whole</type></note>
		</measure>

		<measure number="12">
			<direction><direction-type><words>minor-sixth</words></direction-type></direction>
            <harmony>
                <root><root-step>C</root-step></root>
                <kind text="">minor-sixth</kind>
            </harmony>
            <note><rest/><duration>400</duration><type>whole</type></note>
		</measure>

		<measure number="13">
			<direction><direction-type><words>minor-seventh</words></direction-type></direction>
            <harmony>
                <root><root-step>C</root-step></root>
                <kind text="">minor-seventh</kind>
            </harmony>
            <note><rest/><duration>400</duration><type>whole</type></note>
		</measure>

		<measure number="14">
			<direction><direction-type><words>minor-ninth</words></direction-type></direction>
            <harmony>
                <root><root-step>C</root-step></root>
                <kind text="">minor-ninth</kind>
            </harmony>
            <note><rest/><duration>400</duration><type>whole</type></note>
		</measure>

		<measure number="15">
			<direction><direction-type><words>minor-11th</words></direction-type></direction>
            <harmony>
                <root><root-step>C</root-step></root>
                <kind text="">minor-11th</kind>
            </harmony>
            <note><rest/><duration>400</duration><type>whole</type></note>
		</measure>

		<measure number="16">
                  <print new-system="yes"/>
			<direction><direction-type><words>minor-13th</words></direction-type></direction>
            <harmony>
                <root><root-step>C</root-step></root>
                <kind text="">minor-13th</kind>
            </harmony>
            <note><rest/><duration>400</duration><type>whole</type></note>
		</measure>

		<measure number="17">
			<direction><direction-type><words>minor-major</words></direction-type></direction>
            <harmony>
                <root><root-step>C</root-step></root>
                <kind text="">minor-major</kind>
            </harmony>
            <note><rest/><duration>400</duration><type>whole</type></note>
		</measure>

		<measure number="18">
			<direction><direction-type><words>dominant-seventh</words></direction-type></direction>
            <harmony>
                <root><root-step>C</root-step></root>
                <kind text="">dominant-seventh</kind>
            </harmony>
			<note><rest/><duration>400</duration><type>whole</type></note>
		</measure>

		<measure number="19">
			<direction><direction-type><words>dominant-ninth</words></direction-type></direction>
            <harmony>
                <root><root-step>C</root-step></root>
                <kind text="">dominant-ninth</kind>
            </harmony>
            <note><rest/><duration>400</duration><type>whole</type></note>
		</measure>

		<measure number="20">
			<!--  we consider dominant-11th to be sus4 + b7 + 9 (IV on V) -->
			<direction><direction-type><words>dominant-11th</words></direction-type></direction>
            <harmony>
                <root><root-step>C</root-step></root>
                <kind text="">dominant-11th</kind>
            </harmony>
            <note><rest/><duration>400</duration><type>whole</type></note>
		</measure>

		<measure number="21">
                  <print new-system="yes"/>
			<direction><direction-type><words>dominant-13th</words></direction-type></direction>
            <harmony>
                <root><root-step>C</root-step></root>
                <kind text="">dominant-13th</kind>
            </harmony>
            <note><rest/><duration>400</duration><type>whole</type></note>
		</measure>

		<measure number="22">
			<direction><direction-type><words>diminished</words></direction-type></direction>
            <harmony>
                <root><root-step>C</root-step></root>
                <kind text="">diminished</kind>
            </harmony>
            <note><rest/><duration>400</duration><type>whole</type></note>
		</measure>

		<measure number="23">
			<direction><direction-type><words>diminished-seventh</words></direction-type></direction>
            <harmony>
                <root><root-step>C</root-step></root>
                <kind text="">diminished-seventh</kind>
            </harmony>
            <note><rest/><duration>400</duration><type>whole</type></note>
		</measure>

		<measure number="24">
			<direction><direction-type><words>half-diminished</words></direction-type></direction>
            <harmony>
                <root><root-step>C</root-step></root>
                <kind text="">half-diminished</kind>
            </harmony>
            <note><rest/><duration>400</duration><type>whole</type></note>
		</measure>

		<measure number="25">
			<direction><direction-type><words>augmented</words></direction-type></direction>
            <harmony>
                <root><root-step>C</root-step></root>
                <kind text="">augmented</kind>
            </harmony>
            <note><rest/><duration>400</duration><type>whole</type></note>
		</measure>

		<measure number="26">
                  <print new-system="yes"/>
			<direction><direction-type><words>augmented-seventh</words></direction-type></direction>
            <harmony>
                <root><root-step>C</root-step></root>
                <kind text="">augmented-seventh</kind>
            </harmony>
            <note><rest/><duration>400</duration><type>whole</type></note>
		</measure>

		<measure number="27">
			<direction><direction-type><words>suspended-fourth</words></direction-type></direction>
            <harmony>
                <root><root-step>C</root-step></root>
                <kind text="">suspended-fourth</kind>
            </harmony>
            <note><rest/><duration>400</duration><type>whole</type></note>
		</measure>

		<measure number="28">
			<direction><direction-type><words>suspended-second</words></direction-type></direction>
            <harmony>
                <root><root-step>C</root-step></root>
                <kind text="">suspended-second</kind>
            </harmony>
            <note><rest/><duration>400</duration><type>whole</type></note>
		</measure>

		<measure number="29">
			<!-- note: lilypond doesn't indicate the omission of the third! -->
			<direction><direction-type><words>power</words></direction-type></direction>
            <harmony>
                <root><root-step>C</root-step></root>
                <kind text="">power</kind>
            </harmony>
            <note><rest/><duration>400</duration><type>whole</type></note>
		</measure>

		<measure number="30">
			<direction><direction-type><words>neapolitan</words></direction-type></direction>
            <harmony>
                <root><root-step>C</root-step></root>
                <kind text="">neapolitan</kind>
            </harmony>
            <note><rest/><duration>400</duration><type>whole</type></note>
		</measure>

		<measure number="31">
                  <print new-system="yes"/>
			<direction><direction-type><words>italian</words></direction-type></direction>
            <harmony>
                <root><root-step>C</root-step></root>
                <kind text="">italian</kind>
            </harmony>
            <note><rest/><duration>400</duration><type>whole</type></note>
		</measure>

		<measure number="32">
			<direction><direction-type><words>french</words></direction-type></direction>
            <harmony>
                <root><root-step>C</root-step></root>
                <kind text="">french</kind>
            </harmony>
            <note><rest/><duration>400</duration><type>whole</type></note>
		</measure>

		<measure number="33">
			<direction><direction-type><words>german</words></direction-type></direction>
            <harmony>
                <root><root-step>C</root-step></root>
                <kind text="">german</kind>
            </harmony>
            <note><rest/><duration>400</duration><type>whole</type></note>
		</measure>

<!-- non-MusicXML harmony kinds -->

		<measure number="34">
			<direction><direction-type><words>maj69</words></direction-type></direction>
            <harmony>
                <root><root-step>C</root-step></root>
                <kind text="">maj69</kind>		<!-- not std -->
            </harmony>
            <note><rest/><duration>400</duration><type>whole</type></note>
		</measure>

		<measure number="35">
			<direction><direction-type><words>augmented-ninth</words></direction-type></direction>
            <harmony>
                <root><root-step>C</root-step></root>
                <kind text="">augmented-ninth</kind>
            </harmony>
            <note><rest/><duration>400</duration><type>whole</type></note>
		</measure>

		<measure number="36">
                  <print new-system="yes"/>
			<direction><direction-type><words>altered</words></direction-type></direction>
            <harmony>
                <root><root-step>C</root-step></root>
                <kind text="">altered</kind>
            </harmony>
            <note><rest/><duration>400</duration><type>whole</type></note>
		</measure>

<!-- with alterations -->

		<measure number="37">
			<direction><direction-type><words>maj(no5)</words></direction-type></direction>
            <harmony>
                <root><root-step>C</root-step></root>
                <kind text="">major</kind>
				<degree>
					<degree-value>5</degree-value>
					<degree-type>subtract</degree-type>
				</degree>
            </harmony>
			<note><rest/><duration>400</duration><type>whole</type></note>
		</measure>

 		<measure number="38">
			<direction><direction-type><words>maj(add2)</words></direction-type></direction>
            <harmony>
                <root><root-step>C</root-step></root>
                <kind text="">major</kind>
				<degree>
					<degree-value>2</degree-value>
					<degree-type>add</degree-type>
				</degree>
            </harmony>
			<note><rest/><duration>400</duration><type>whole</type></note>
		</measure>

		<measure number="39">
			<direction><direction-type><words>maj7(#11)</words></direction-type></direction>
            <harmony>
                <root><root-step>C</root-step></root>
                <kind text="">major-seventh</kind>
				<degree>
					<degree-value>11</degree-value>
					<degree-alter>1</degree-alter>
					<degree-type>alter</degree-type>
				</degree>
            </harmony>
            <note><rest/><duration>400</duration><type>whole</type></note>
		</measure>

		<measure number="40">
			<direction><direction-type><words>maj7(#5)</words></direction-type></direction>
            <harmony>
                <root><root-step>C</root-step></root>
                <kind text="">major-seventh</kind>
				<degree>
					<degree-value>5</degree-value>
					<degree-alter>1</degree-alter>
					<degree-type>alter</degree-type>
				</degree>
            </harmony>
            <note><rest/><duration>400</duration><type>whole</type></note>
		</measure>

		<measure number="41">
                  <print new-system="yes"/>
			<direction><direction-type><words>maj7(#5#11)</words></direction-type></direction>
            <harmony>
                <root><root-step>C</root-step></root>
                <kind text="">major-seventh</kind>
				<degree>
					<degree-value>5</degree-value>
					<degree-alter>1</degree-alter>
					<degree-type>alter</degree-type>
				</degree>
				<degree>
					<degree-value>11</degree-value>
					<degree-alter>1</degree-alter>
					<degree-type>alter</degree-type>
				</degree>
            </harmony>
            <note><rest/><duration>400</duration><type>whole</type></note>
		</measure>

		<measure number="42">
			<direction><direction-type><words>m7(b9)</words></direction-type></direction>
            <harmony>
                <root><root-step>C</root-step></root>
                <kind text="">minor-seventh</kind>
				<degree>
					<degree-value>9</degree-value>
					<degree-alter>-1</degree-alter>
					<degree-type>alter</degree-type>
				</degree>
            </harmony>
            <note><rest/><duration>400</duration><type>whole</type></note>
		</measure>

		<measure number="43">
			<direction><direction-type><words>m7(b13)</words></direction-type></direction>
            <harmony>
                <root><root-step>C</root-step></root>
                <kind text="">minor-seventh</kind>
				<degree>
					<degree-value>13</degree-value>
					<degree-alter>-1</degree-alter>
					<degree-type>alter</degree-type>
				</degree>
            </harmony>

            <note><rest/><duration>400</duration><type>whole</type></note>
		</measure>

		<measure number="44">
			<direction><direction-type><words>7(b5)</words></direction-type></direction>
            <harmony>
                <root><root-step>C</root-step></root>
                <kind text="">dominant-seventh</kind>
				<degree>
					<degree-value>5</degree-value>
					<degree-alter>-1</degree-alter>
					<degree-type>alter</degree-type>
				</degree>
            </harmony>
            <note><rest/><duration>400</duration><type>whole</type></note>
		</measure>

		<measure number="45">
			<direction><direction-type><words>7(b5b9)</words></direction-type></direction>
            <harmony>
                <root><root-step>C</root-step></root>
                <kind text="">dominant-seventh</kind>
				<degree>
					<degree-value>5</degree-value>
					<degree-alter>-1</degree-alter>
					<degree-type>alter</degree-type>
				</degree>
				<degree>
					<degree-value>9</degree-value>
					<degree-alter>-1</degree-alter>
					<degree-type>alter</degree-type>
				</degree>
            </harmony>
            <note><rest/><duration>400</duration><type>whole</type></note>
		</measure>

		<measure number="46">
                  <print new-system="yes"/>
			<direction><direction-type><words>alt1:7(#5#9#11)</words></direction-type></direction>
            <harmony>
                <root><root-step>C</root-step></root>
                <kind text="">dominant-seventh</kind>
				<degree>
					<degree-value>5</degree-value>
					<degree-alter>1</degree-alter>
					<degree-type>alter</degree-type>
				</degree>
				<degree>
					<degree-value>9</degree-value>
					<degree-alter>1</degree-alter>
					<degree-type>alter</degree-type>
				</degree>
				<degree>
					<degree-value>11</degree-value>
					<degree-alter>1</degree-alter>
					<degree-type>alter</degree-type>
				</degree>
            </harmony>
            <note><rest/><duration>400</duration><type>whole</type></note>
		</measure>

		<measure number="47">
			<direction><direction-type><words>alt2:7(#5b9#9#11)</words></direction-type></direction>
            <harmony>
                <root><root-step>C</root-step></root>
                <kind text="">dominant-seventh</kind>
				<degree>
					<degree-value>5</degree-value>
					<degree-alter>1</degree-alter>
					<degree-type>alter</degree-type>
				</degree>
				<degree>
					<degree-value>9</degree-value>
					<degree-alter>-1</degree-alter>
					<degree-type>alter</degree-type>
				</degree>
				<degree>
					<degree-value>9</degree-value>
					<degree-alter>1</degree-alter>
					<degree-type>alter</degree-type>
				</degree>
				<degree>
					<degree-value>11</degree-value>
					<degree-alter>1</degree-alter>
					<degree-type>alter</degree-type>
				</degree>
            </harmony>
            <note><rest/><duration>400</duration><type>whole</type></note>
		</measure>

		<measure number="48">
			<direction><direction-type><words>alt3:aug7(#9#11)</words></direction-type></direction>
            <harmony>
                <root><root-step>C</root-step></root>
                <kind text="">augmented-seventh</kind>
				<degree>
					<degree-value>9</degree-value>
					<degree-alter>1</degree-alter>
					<degree-type>alter</degree-type>
				</degree>
				<degree>
					<degree-value>11</degree-value>
					<degree-alter>1</degree-alter>
					<degree-type>alter</degree-type>
				</degree>
            </harmony>
			<note><rest/><duration>400</duration><type>whole</type></note>
		</measure>

		<measure number="49">
			<direction><direction-type><words>B7sus4</words></direction-type></direction>
            <harmony>
                <root><root-step>B</root-step></root>
                <kind text="">suspended-fourth</kind>
				<degree>
					<degree-value>7</degree-value>
					<degree-type>add</degree-type>
				</degree>
            </harmony>
			<note><rest/><duration>400</duration><type>whole</type></note>
		</measure>

		<measure number="50">
			<direction><direction-type><words>Eb9sus4</words></direction-type></direction>
            <harmony>
                <root><root-step>E</root-step><root-alter>-1</root-alter></root>
                <kind text="">suspended-fourth</kind>
				<degree>
					<degree-value>7</degree-value>
					<degree-type>add</degree-type>
				</degree>
				<degree>
					<degree-value>9</degree-value>
					<degree-type>add</degree-type>
				</degree>
            </harmony>
			<note><rest/><duration>400</duration><type>whole</type></note>
		</measure>

		<measure number="51">
                  <print new-system="yes"/>
			<direction><direction-type><words>D7b9</words></direction-type></direction>
            <harmony>
                <root><root-step>D</root-step></root>
                <kind text="">suspended-fourth</kind>
				<degree>
					<degree-value>9</degree-value>
					<degree-alter>-1</degree-alter>
					<degree-type>add</degree-type>
				</degree>
            </harmony>
			<note><rest/><duration>400</duration><type>whole</type></note>
		</measure>

		<measure number="52">
			<direction><direction-type><words>A7sus4</words></direction-type></direction>
            <harmony>
                <root><root-step>A</root-step></root>
                <kind text="">suspended-fourth</kind>
				<degree>
					<degree-value>7</degree-value>
					<degree-alter>0</degree-alter>
					<degree-type>add</degree-type>
				</degree>
            </harmony>
			<note><rest/><duration>400</duration><type>whole</type></note>
		</measure>

		<measure number="53">
			<direction><direction-type><words>A7#5/C#</words></direction-type></direction>
            <harmony>
                <root><root-step>A</root-step></root>
                <kind text="">dominant</kind>
                <bass><bass-step>C</bass-step><bass-alter>1</bass-alter></bass>
		    <degree>
		      <degree-value>5</degree-value>
			<degree-alter>1</degree-alter>
			<degree-type>alter</degree-type>
			</degree>
            </harmony>
			<note><rest/><duration>400</duration><type>whole</type></note>
		</measure>

		<measure number="54">
			<direction><direction-type><words>A7#5/C#</words></direction-type></direction>
            <harmony>
                <root><root-step>A</root-step></root>
                <kind text="">dominant</kind>
                <bass><bass-step>C</bass-step><bass-alter>1</bass-alter></bass>
		    <degree>
		      <degree-value>5</degree-value>
			<degree-alter>1</degree-alter>
			<degree-type>alter</degree-type>
			</degree>
            </harmony>
			<note><rest/><duration>400</duration><type>whole</type></note>
		</measure>

		<measure number="55">
			<direction><direction-type><words>A7#5/C#</words></direction-type></direction>
            <harmony>
                <root><root-step>A</root-step></root>
                <kind text="">dominant</kind>
                <bass><bass-step>C</bass-step><bass-alter>1</bass-alter></bass>
		    <degree>
		      <degree-value>5</degree-value>
			<degree-alter>1</degree-alter>
			<degree-type>alter</degree-type>
			</degree>
            </harmony>
			<note><rest/><duration>400</duration><type>whole</type></note>
		</measure>

		<measure number="56">
                  <print new-system="yes"/>
			<direction><direction-type><words>A7#5/C#</words></direction-type></direction>
            <harmony>
                <root><root-step>A</root-step></root>
                <kind text="">dominant</kind>
                <bass><bass-step>C</bass-step><bass-alter>1</bass-alter></bass>
		    <degree>
		      <degree-value>5</degree-value>
			<degree-alter>1</degree-alter>
			<degree-type>alter</degree-type>
			</degree>
            </harmony>
			<note><rest/><duration>400</duration><type>whole</type></note>
		</measure>

		<measure number="57">
			<direction><direction-type><words>D7b9</words></direction-type></direction>
            <harmony>
                <root><root-step>D</root-step></root>
                <kind text="">dominant</kind>
		    <degree>
		      <degree-value>9</degree-value>
			<degree-alter>-1</degree-alter>
			<degree-type>add</degree-type>
			</degree>
            </harmony>
			<note><rest/><duration>400</duration><type>whole</type></note>
		</measure>

		<measure number="58">
			<direction><direction-type><words>D7b5</words></direction-type></direction>
            <harmony>
                <root><root-step>D</root-step></root>
                <kind text="">dominant</kind>
		    <degree>
		      <degree-value>5</degree-value>
			<degree-alter>-1</degree-alter>
			<degree-type>alter</degree-type>
			</degree>
            </harmony>
			<note><rest/><duration>400</duration><type>whole</type></note>
		</measure>
   </part>
</score-partwise>
